<?xml version="1.0" encoding="UTF-8"?>
<testsuite xmlns:xsi="http://www.w3.org/2001/XMLSchema-instance" xsi:noNamespaceSchemaLocation="https://maven.apache.org/surefire/maven-surefire-plugin/xsd/surefire-test-report.xsd" name="com.biefeng.demo.AppTest" time="0.028" tests="1" errors="0" skipped="0" failures="0">
  <properties>
    <property name="user.variant" value=""/>
    <property name="java.vm.info" value="mixed mode"/>
    <property name="file.encoding.pkg" value="sun.io"/>
    <property name="file.encoding" value="GBK"/>
    <property name="java.specification.name" value="Java Platform API Specification"/>
    <property name="sun.os.patch.level" value=""/>
    <property name="user.dir" value="H:\workspace\idea\Demo"/>
    <property name="line.separator" value="&#10;"/>
    <property name="java.home" value="D:\java\jdk1.7.0_45\jre"/>
    <property name="user.name" value="BieFeNg"/>
    <property name="sun.boot.library.path" value="D:\java\jdk1.7.0_45\jre\bin"/>
    <property name="user.home" value="C:\Users\BieFeNg"/>
    <property name="localRepository" value="E:\MAVEN_repository"/>
    <property name="sun.java.launcher" value="SUN_STANDARD"/>
    <property name="java.class.version" value="51.0"/>
    <property name="user.language" value="zh"/>
    <property name="java.vendor.url.bug" value="http://bugreport.sun.com/bugreport/"/>
    <property name="sun.jnu.encoding" value="GBK"/>
    <property name="java.io.tmpdir" value="C:\Users\BieFeNg\AppData\Local\Temp\"/>
    <property name="java.specification.vendor" value="Oracle Corporation"/>
    <property name="file.separator" value="\"/>
    <property name="java.class.path" value="H:\workspace\idea\Demo\target\test-classes;H:\workspace\idea\Demo\target\classes;E:\MAVEN_repository\junit\junit\4.7\junit-4.7.jar;E:\MAVEN_repository\javax\servlet\jstl\1.2\jstl-1.2.jar;E:\MAVEN_repository\javax\servlet\jsp-api\2.0\jsp-api-2.0.jar;E:\MAVEN_repository\javax\servlet\servlet-api\2.4\servlet-api-2.4.jar;E:\MAVEN_repository\org\apache\tomcat\tomcat-juli\7.0.27\tomcat-juli-7.0.27.jar;E:\MAVEN_repository\org\apache\httpcomponents\httpclient-cache\4.2.5\httpclient-cache-4.2.5.jar;E:\MAVEN_repository\org\apache\httpcomponents\httpclient\4.2.5\httpclient-4.2.5.jar;E:\MAVEN_repository\org\apache\httpcomponents\httpmime\4.2.5\httpmime-4.2.5.jar;E:\MAVEN_repository\org\apache\httpcomponents\httpcore\4.2.4\httpcore-4.2.4.jar;E:\MAVEN_repository\org\apache\openejb\javaee-api\5.0-1\javaee-api-5.0-1.jar;E:\MAVEN_repository\javax\faces\jsf-api\1.2_04\jsf-api-1.2_04.jar;E:\MAVEN_repository\javax\faces\jsf-impl\1.2_04\jsf-impl-1.2_04.jar;E:\MAVEN_repository\org\mybatis\mybatis\3.1.0\mybatis-3.1.0.jar;E:\MAVEN_repository\org\springframework\spring-context\4.2.5.RELEASE\spring-context-4.2.5.RELEASE.jar;E:\MAVEN_repository\org\springframework\spring-aop\4.2.5.RELEASE\spring-aop-4.2.5.RELEASE.jar;E:\MAVEN_repository\aopalliance\aopalliance\1.0\aopalliance-1.0.jar;E:\MAVEN_repository\org\springframework\spring-beans\4.2.5.RELEASE\spring-beans-4.2.5.RELEASE.jar;E:\MAVEN_repository\org\springframework\spring-expression\4.2.5.RELEASE\spring-expression-4.2.5.RELEASE.jar;E:\MAVEN_repository\org\springframework\spring-test\4.2.5.RELEASE\spring-test-4.2.5.RELEASE.jar;E:\MAVEN_repository\org\springframework\spring-webmvc\4.2.5.RELEASE\spring-webmvc-4.2.5.RELEASE.jar;E:\MAVEN_repository\org\springframework\spring-web\4.2.5.RELEASE\spring-web-4.2.5.RELEASE.jar;E:\MAVEN_repository\org\springframework\spring-context-support\4.2.5.RELEASE\spring-context-support-4.2.5.RELEASE.jar;E:\MAVEN_repository\org\springframework\spring-core\4.2.5.RELEASE\spring-core-4.2.5.RELEASE.jar;E:\MAVEN_repository\org\springframework\spring-jdbc\4.2.5.RELEASE\spring-jdbc-4.2.5.RELEASE.jar;E:\MAVEN_repository\org\springframework\spring-tx\4.2.5.RELEASE\spring-tx-4.2.5.RELEASE.jar;E:\MAVEN_repository\org\mybatis\mybatis-spring\1.1.1\mybatis-spring-1.1.1.jar;E:\MAVEN_repository\mysql\mysql-connector-java\5.1.21\mysql-connector-java-5.1.21.jar;E:\MAVEN_repository\com\alibaba\druid\1.0.18\druid-1.0.18.jar;D:\java\jdk1.7.0_45\jre\..\lib\jconsole.jar;D:\java\jdk1.7.0_45\jre\..\lib\tools.jar;E:\MAVEN_repository\org\aspectj\aspectjweaver\1.7.1\aspectjweaver-1.7.1.jar;E:\MAVEN_repository\org\codehaus\jackson\jackson-mapper-asl\1.9.11\jackson-mapper-asl-1.9.11.jar;E:\MAVEN_repository\org\codehaus\jackson\jackson-core-asl\1.9.11\jackson-core-asl-1.9.11.jar;E:\MAVEN_repository\commons-fileupload\commons-fileupload\1.2.2\commons-fileupload-1.2.2.jar;E:\MAVEN_repository\log4j\log4j\1.2.17\log4j-1.2.17.jar;E:\MAVEN_repository\org\slf4j\slf4j-log4j12\1.7.16\slf4j-log4j12-1.7.16.jar;E:\MAVEN_repository\org\slf4j\slf4j-api\1.7.16\slf4j-api-1.7.16.jar;E:\MAVEN_repository\com\alibaba\fastjson\1.1.26\fastjson-1.1.26.jar;E:\MAVEN_repository\commons-attributes\commons-attributes-api\2.1\commons-attributes-api-2.1.jar;E:\MAVEN_repository\qdox\qdox\1.5\qdox-1.5.jar;E:\MAVEN_repository\commons-attributes\commons-attributes-compiler\2.1\commons-attributes-compiler-2.1.jar;E:\MAVEN_repository\ant\ant\1.6.5\ant-1.6.5.jar;E:\MAVEN_repository\commons-beanutils\commons-beanutils-core\1.8.3\commons-beanutils-core-1.8.3.jar;E:\MAVEN_repository\commons-codec\commons-codec\1.10\commons-codec-1.10.jar;E:\MAVEN_repository\commons-collections\commons-collections\3.2.2\commons-collections-3.2.2.jar;E:\MAVEN_repository\commons-dbcp\commons-dbcp\1.4\commons-dbcp-1.4.jar;E:\MAVEN_repository\commons-httpclient\commons-httpclient\3.1\commons-httpclient-3.1.jar;E:\MAVEN_repository\commons-io\commons-io\2.4\commons-io-2.4.jar;E:\MAVEN_repository\commons-lang\commons-lang\2.6\commons-lang-2.6.jar;E:\MAVEN_repository\commons-logging\commons-logging\1.1.3\commons-logging-1.1.3.jar;E:\MAVEN_repository\commons-pool\commons-pool\1.6\commons-pool-1.6.jar;E:\MAVEN_repository\net\sf\ezmorph\ezmorph\1.0.6\ezmorph-1.0.6.jar;E:\MAVEN_repository\net\sf\json-lib\json-lib\2.4\json-lib-2.4-jdk15.jar;E:\MAVEN_repository\commons-beanutils\commons-beanutils\1.8.0\commons-beanutils-1.8.0.jar;E:\MAVEN_repository\org\freemarker\freemarker\2.3.20\freemarker-2.3.20.jar;E:\MAVEN_repository\net\mingsoft\shiro-freemarker-tags\0.1\shiro-freemarker-tags-0.1.jar;E:\MAVEN_repository\com\google\zxing\javase\3.1.0\javase-3.1.0.jar;E:\MAVEN_repository\com\google\zxing\core\3.1.0\core-3.1.0.jar;E:\MAVEN_repository\org\quartz-scheduler\quartz\2.2.1\quartz-2.2.1.jar;E:\MAVEN_repository\c3p0\c3p0\0.9.1.1\c3p0-0.9.1.1.jar;E:\MAVEN_repository\org\springframework\integration\spring-integration-mail\4.0.5.RELEASE\spring-integration-mail-4.0.5.RELEASE.jar;E:\MAVEN_repository\org\springframework\integration\spring-integration-core\4.0.5.RELEASE\spring-integration-core-4.0.5.RELEASE.jar;E:\MAVEN_repository\org\springframework\retry\spring-retry\1.1.1.RELEASE\spring-retry-1.1.1.RELEASE.jar;E:\MAVEN_repository\org\springframework\spring-messaging\4.0.7.RELEASE\spring-messaging-4.0.7.RELEASE.jar;E:\MAVEN_repository\net\sourceforge\jexcelapi\jxl\2.6.12\jxl-2.6.12.jar;E:\MAVEN_repository\com\sun\mail\javax.mail\1.4.5\javax.mail-1.4.5.jar;E:\MAVEN_repository\com\mortennobel\java-image-scaling\0.8.6\java-image-scaling-0.8.6.jar;E:\MAVEN_repository\com\jhlabs\filters\2.0.235\filters-2.0.235.jar;E:\MAVEN_repository\javax\servlet\javax.servlet-api\3.1.0\javax.servlet-api-3.1.0.jar;E:\MAVEN_repository\org\opensymphony\quartz\quartz\1.6.1\quartz-1.6.1.jar;E:\MAVEN_repository\org\apache\shiro\shiro-all\1.2.5\shiro-all-1.2.5.jar;E:\MAVEN_repository\org\apache\shiro\shiro-guice\1.2.5\shiro-guice-1.2.5.jar;E:\MAVEN_repository\com\google\inject\guice\3.0\guice-3.0.jar;E:\MAVEN_repository\javax\inject\javax.inject\1\javax.inject-1.jar;E:\MAVEN_repository\com\google\inject\extensions\guice-multibindings\3.0\guice-multibindings-3.0.jar;E:\MAVEN_repository\org\apache\shiro\shiro-core\1.2.5\shiro-core-1.2.5.jar;E:\MAVEN_repository\org\apache\shiro\shiro-web\1.2.5\shiro-web-1.2.5.jar;E:\MAVEN_repository\org\apache\shiro\shiro-quartz\1.2.5\shiro-quartz-1.2.5.jar;E:\MAVEN_repository\org\apache\shiro\shiro-spring\1.2.5\shiro-spring-1.2.5.jar;E:\MAVEN_repository\redis\clients\jedis\2.8.0\jedis-2.8.0.jar;E:\MAVEN_repository\org\apache\commons\commons-pool2\2.3\commons-pool2-2.3.jar;E:\MAVEN_repository\com\fasterxml\jackson\core\jackson-databind\2.7.4\jackson-databind-2.7.4.jar;E:\MAVEN_repository\com\fasterxml\jackson\core\jackson-core\2.7.4\jackson-core-2.7.4.jar;E:\MAVEN_repository\com\fasterxml\jackson\core\jackson-annotations\2.7.4\jackson-annotations-2.7.4.jar;"/>
    <property name="java.vm.vendor" value="Oracle Corporation"/>
    <property name="sun.cpu.endian" value="little"/>
    <property name="java.vm.specification.vendor" value="Oracle Corporation"/>
    <property name="java.specification.version" value="1.7"/>
    <property name="user.script" value=""/>
    <property name="awt.toolkit" value="sun.awt.windows.WToolkit"/>
    <property name="sun.java.command" value="C:\Users\BieFeNg\AppData\Local\Temp\surefire1294649537922325\surefirebooter7231411219087696318.jar C:\Users\BieFeNg\AppData\Local\Temp\surefire1294649537922325 2018-05-09T22-41-55_642-jvmRun1 surefire6405353951662738407tmp surefire_01900937183749371223tmp"/>
    <property name="user.timezone" value=""/>
    <property name="surefire.test.class.path" value="H:\workspace\idea\Demo\target\test-classes;H:\workspace\idea\Demo\target\classes;E:\MAVEN_repository\junit\junit\4.7\junit-4.7.jar;E:\MAVEN_repository\javax\servlet\jstl\1.2\jstl-1.2.jar;E:\MAVEN_repository\javax\servlet\jsp-api\2.0\jsp-api-2.0.jar;E:\MAVEN_repository\javax\servlet\servlet-api\2.4\servlet-api-2.4.jar;E:\MAVEN_repository\org\apache\tomcat\tomcat-juli\7.0.27\tomcat-juli-7.0.27.jar;E:\MAVEN_repository\org\apache\httpcomponents\httpclient-cache\4.2.5\httpclient-cache-4.2.5.jar;E:\MAVEN_repository\org\apache\httpcomponents\httpclient\4.2.5\httpclient-4.2.5.jar;E:\MAVEN_repository\org\apache\httpcomponents\httpmime\4.2.5\httpmime-4.2.5.jar;E:\MAVEN_repository\org\apache\httpcomponents\httpcore\4.2.4\httpcore-4.2.4.jar;E:\MAVEN_repository\org\apache\openejb\javaee-api\5.0-1\javaee-api-5.0-1.jar;E:\MAVEN_repository\javax\faces\jsf-api\1.2_04\jsf-api-1.2_04.jar;E:\MAVEN_repository\javax\faces\jsf-impl\1.2_04\jsf-impl-1.2_04.jar;E:\MAVEN_repository\org\mybatis\mybatis\3.1.0\mybatis-3.1.0.jar;E:\MAVEN_repository\org\springframework\spring-context\4.2.5.RELEASE\spring-context-4.2.5.RELEASE.jar;E:\MAVEN_repository\org\springframework\spring-aop\4.2.5.RELEASE\spring-aop-4.2.5.RELEASE.jar;E:\MAVEN_repository\aopalliance\aopalliance\1.0\aopalliance-1.0.jar;E:\MAVEN_repository\org\springframework\spring-beans\4.2.5.RELEASE\spring-beans-4.2.5.RELEASE.jar;E:\MAVEN_repository\org\springframework\spring-expression\4.2.5.RELEASE\spring-expression-4.2.5.RELEASE.jar;E:\MAVEN_repository\org\springframework\spring-test\4.2.5.RELEASE\spring-test-4.2.5.RELEASE.jar;E:\MAVEN_repository\org\springframework\spring-webmvc\4.2.5.RELEASE\spring-webmvc-4.2.5.RELEASE.jar;E:\MAVEN_repository\org\springframework\spring-web\4.2.5.RELEASE\spring-web-4.2.5.RELEASE.jar;E:\MAVEN_repository\org\springframework\spring-context-support\4.2.5.RELEASE\spring-context-support-4.2.5.RELEASE.jar;E:\MAVEN_repository\org\springframework\spring-core\4.2.5.RELEASE\spring-core-4.2.5.RELEASE.jar;E:\MAVEN_repository\org\springframework\spring-jdbc\4.2.5.RELEASE\spring-jdbc-4.2.5.RELEASE.jar;E:\MAVEN_repository\org\springframework\spring-tx\4.2.5.RELEASE\spring-tx-4.2.5.RELEASE.jar;E:\MAVEN_repository\org\mybatis\mybatis-spring\1.1.1\mybatis-spring-1.1.1.jar;E:\MAVEN_repository\mysql\mysql-connector-java\5.1.21\mysql-connector-java-5.1.21.jar;E:\MAVEN_repository\com\alibaba\druid\1.0.18\druid-1.0.18.jar;D:\java\jdk1.7.0_45\jre\..\lib\jconsole.jar;D:\java\jdk1.7.0_45\jre\..\lib\tools.jar;E:\MAVEN_repository\org\aspectj\aspectjweaver\1.7.1\aspectjweaver-1.7.1.jar;E:\MAVEN_repository\org\codehaus\jackson\jackson-mapper-asl\1.9.11\jackson-mapper-asl-1.9.11.jar;E:\MAVEN_repository\org\codehaus\jackson\jackson-core-asl\1.9.11\jackson-core-asl-1.9.11.jar;E:\MAVEN_repository\commons-fileupload\commons-fileupload\1.2.2\commons-fileupload-1.2.2.jar;E:\MAVEN_repository\log4j\log4j\1.2.17\log4j-1.2.17.jar;E:\MAVEN_repository\org\slf4j\slf4j-log4j12\1.7.16\slf4j-log4j12-1.7.16.jar;E:\MAVEN_repository\org\slf4j\slf4j-api\1.7.16\slf4j-api-1.7.16.jar;E:\MAVEN_repository\com\alibaba\fastjson\1.1.26\fastjson-1.1.26.jar;E:\MAVEN_repository\commons-attributes\commons-attributes-api\2.1\commons-attributes-api-2.1.jar;E:\MAVEN_repository\qdox\qdox\1.5\qdox-1.5.jar;E:\MAVEN_repository\commons-attributes\commons-attributes-compiler\2.1\commons-attributes-compiler-2.1.jar;E:\MAVEN_repository\ant\ant\1.6.5\ant-1.6.5.jar;E:\MAVEN_repository\commons-beanutils\commons-beanutils-core\1.8.3\commons-beanutils-core-1.8.3.jar;E:\MAVEN_repository\commons-codec\commons-codec\1.10\commons-codec-1.10.jar;E:\MAVEN_repository\commons-collections\commons-collections\3.2.2\commons-collections-3.2.2.jar;E:\MAVEN_repository\commons-dbcp\commons-dbcp\1.4\commons-dbcp-1.4.jar;E:\MAVEN_repository\commons-httpclient\commons-httpclient\3.1\commons-httpclient-3.1.jar;E:\MAVEN_repository\commons-io\commons-io\2.4\commons-io-2.4.jar;E:\MAVEN_repository\commons-lang\commons-lang\2.6\commons-lang-2.6.jar;E:\MAVEN_repository\commons-logging\commons-logging\1.1.3\commons-logging-1.1.3.jar;E:\MAVEN_repository\commons-pool\commons-pool\1.6\commons-pool-1.6.jar;E:\MAVEN_repository\net\sf\ezmorph\ezmorph\1.0.6\ezmorph-1.0.6.jar;E:\MAVEN_repository\net\sf\json-lib\json-lib\2.4\json-lib-2.4-jdk15.jar;E:\MAVEN_repository\commons-beanutils\commons-beanutils\1.8.0\commons-beanutils-1.8.0.jar;E:\MAVEN_repository\org\freemarker\freemarker\2.3.20\freemarker-2.3.20.jar;E:\MAVEN_repository\net\mingsoft\shiro-freemarker-tags\0.1\shiro-freemarker-tags-0.1.jar;E:\MAVEN_repository\com\google\zxing\javase\3.1.0\javase-3.1.0.jar;E:\MAVEN_repository\com\google\zxing\core\3.1.0\core-3.1.0.jar;E:\MAVEN_repository\org\quartz-scheduler\quartz\2.2.1\quartz-2.2.1.jar;E:\MAVEN_repository\c3p0\c3p0\0.9.1.1\c3p0-0.9.1.1.jar;E:\MAVEN_repository\org\springframework\integration\spring-integration-mail\4.0.5.RELEASE\spring-integration-mail-4.0.5.RELEASE.jar;E:\MAVEN_repository\org\springframework\integration\spring-integration-core\4.0.5.RELEASE\spring-integration-core-4.0.5.RELEASE.jar;E:\MAVEN_repository\org\springframework\retry\spring-retry\1.1.1.RELEASE\spring-retry-1.1.1.RELEASE.jar;E:\MAVEN_repository\org\springframework\spring-messaging\4.0.7.RELEASE\spring-messaging-4.0.7.RELEASE.jar;E:\MAVEN_repository\net\sourceforge\jexcelapi\jxl\2.6.12\jxl-2.6.12.jar;E:\MAVEN_repository\com\sun\mail\javax.mail\1.4.5\javax.mail-1.4.5.jar;E:\MAVEN_repository\com\mortennobel\java-image-scaling\0.8.6\java-image-scaling-0.8.6.jar;E:\MAVEN_repository\com\jhlabs\filters\2.0.235\filters-2.0.235.jar;E:\MAVEN_repository\javax\servlet\javax.servlet-api\3.1.0\javax.servlet-api-3.1.0.jar;E:\MAVEN_repository\org\opensymphony\quartz\quartz\1.6.1\quartz-1.6.1.jar;E:\MAVEN_repository\org\apache\shiro\shiro-all\1.2.5\shiro-all-1.2.5.jar;E:\MAVEN_repository\org\apache\shiro\shiro-guice\1.2.5\shiro-guice-1.2.5.jar;E:\MAVEN_repository\com\google\inject\guice\3.0\guice-3.0.jar;E:\MAVEN_repository\javax\inject\javax.inject\1\javax.inject-1.jar;E:\MAVEN_repository\com\google\inject\extensions\guice-multibindings\3.0\guice-multibindings-3.0.jar;E:\MAVEN_repository\org\apache\shiro\shiro-core\1.2.5\shiro-core-1.2.5.jar;E:\MAVEN_repository\org\apache\shiro\shiro-web\1.2.5\shiro-web-1.2.5.jar;E:\MAVEN_repository\org\apache\shiro\shiro-quartz\1.2.5\shiro-quartz-1.2.5.jar;E:\MAVEN_repository\org\apache\shiro\shiro-spring\1.2.5\shiro-spring-1.2.5.jar;E:\MAVEN_repository\redis\clients\jedis\2.8.0\jedis-2.8.0.jar;E:\MAVEN_repository\org\apache\commons\commons-pool2\2.3\commons-pool2-2.3.jar;E:\MAVEN_repository\com\fasterxml\jackson\core\jackson-databind\2.7.4\jackson-databind-2.7.4.jar;E:\MAVEN_repository\com\fasterxml\jackson\core\jackson-core\2.7.4\jackson-core-2.7.4.jar;E:\MAVEN_repository\com\fasterxml\jackson\core\jackson-annotations\2.7.4\jackson-annotations-2.7.4.jar;"/>
    <property name="java.runtime.version" value="1.7.0_45-b18"/>
    <property name="java.vendor" value="Oracle Corporation"/>
    <property name="sun.management.compiler" value="HotSpot 64-Bit Tiered Compilers"/>
    <property name="sun.arch.data.model" value="64"/>
    <property name="os.arch" value="amd64"/>
    <property name="sun.io.unicode.encoding" value="UnicodeLittle"/>
    <property name="java.awt.printerjob" value="sun.awt.windows.WPrinterJob"/>
    <property name="path.separator" value=";"/>
    <property name="java.runtime.name" value="Java(TM) SE Runtime Environment"/>
    <property name="java.vendor.url" value="http://java.oracle.com/"/>
    <property name="sun.boot.class.path" value="D:\java\jdk1.7.0_45\jre\lib\resources.jar;D:\java\jdk1.7.0_45\jre\lib\rt.jar;D:\java\jdk1.7.0_45\jre\lib\sunrsasign.jar;D:\java\jdk1.7.0_45\jre\lib\jsse.jar;D:\java\jdk1.7.0_45\jre\lib\jce.jar;D:\java\jdk1.7.0_45\jre\lib\charsets.jar;D:\java\jdk1.7.0_45\jre\lib\jfr.jar;D:\java\jdk1.7.0_45\jre\classes"/>
    <property name="surefire.real.class.path" value="C:\Users\BieFeNg\AppData\Local\Temp\surefire1294649537922325\surefirebooter7231411219087696318.jar"/>
    <property name="java.endorsed.dirs" value="D:\java\jdk1.7.0_45\jre\lib\endorsed"/>
    <property name="sun.desktop" value="windows"/>
    <property name="java.vm.version" value="24.45-b08"/>
    <property name="os.name" value="Windows 8"/>
    <property name="java.vm.specification.version" value="1.7"/>
    <property name="sun.cpu.isalist" value="amd64"/>
    <property name="java.version" value="1.7.0_45"/>
    <property name="java.vm.specification.name" value="Java Virtual Machine Specification"/>
    <property name="java.ext.dirs" value="D:\java\jdk1.7.0_45\jre\lib\ext;C:\WINDOWS\Sun\Java\lib\ext"/>
    <property name="os.version" value="6.2"/>
    <property name="basedir" value="H:\workspace\idea\Demo"/>
    <property name="java.library.path" value="D:\java\jdk1.7.0_45\jre\bin;C:\WINDOWS\Sun\Java\bin;C:\WINDOWS\system32;C:\WINDOWS;D:\oracle\BieFeNg\product\11.2.0\client_2\bin;d:\oracle\BieFeNg\product\11.2.0\dbhome_2\bin;D:\java\jdk1.7.0_45/bin;C:\ProgramData\Oracle\Java\javapath;C:\Program Files (x86)\Intel\iCLS Client\;C:\Program Files\Intel\iCLS Client\;C:\Windows\system32;C:\Windows;C:\Windows\System32\Wbem;C:\Windows\System32\WindowsPowerShell\v1.0\;C:\Program Files (x86)\Intel\Intel(R) Management Engine Components\DAL;C:\Program Files\Intel\Intel(R) Management Engine Components\DAL;C:\Program Files (x86)\Intel\Intel(R) Management Engine Components\IPT;C:\Program Files\Intel\Intel(R) Management Engine Components\IPT;C:\Program Files (x86)\NVIDIA Corporation\PhysX\Common;C:\Program Files (x86)\MySQL\MySQL Fabric 1.5 &amp; MySQL Utilities 1.5\;C:\Program Files (x86)\MySQL\MySQL Fabric 1.5 &amp; MySQL Utilities 1.5\Doctrine extensions for PHP\;D:\Program File\apache-maven-3.5.2\bin;C:\WINDOWS\system32;C:\WINDOWS;C:\WINDOWS\System32\Wbem;C:\WINDOWS\System32\WindowsPowerShell\v1.0\;D:\Program File\Git\cmd;D:\Program File\TortoiseSVN\bin;C:\Program Files\MySQL\MySQL Server 5.7\bin;D:\Program File\apache-ant-1.9.11\bin;C:\Users\BieFeNg\AppData\Local\Microsoft\WindowsApps;;C:\Users\BieFeNg\AppData\Local\Programs\Fiddler;."/>
    <property name="java.awt.graphicsenv" value="sun.awt.Win32GraphicsEnvironment"/>
    <property name="java.vm.name" value="Java HotSpot(TM) 64-Bit Server VM"/>
    <property name="user.country" value="CN"/>
  </properties>
  <testcase name="shouldAnswerWithTrue" classname="com.biefeng.demo.AppTest" time="0.003"/>
</testsuite>